CCS PCM C Compiler, Version 4.074, 22034               08-Jun-22 01:09

               Filename: RGB.lst

               ROM used: 89 words (1%)
                         Largest free fragment is 2048
               RAM used: 6 (2%) at main() level
                         6 (2%) worst case
               Stack:    0 locations

*
0000:  MOVLW  00
0001:  MOVWF  0A
0002:  GOTO   004
0003:  NOP
.................... #include<16F887.h> 
.................... //////// Standard Header file for the PIC16F887 device //////////////// 
.................... #device PIC16F887 
.................... #list 
....................  
.................... #DEVICE *=16 ADC=10  
.................... #FUSES HS,NOWDT,NOPUT,NOLVP  
.................... #USE DELAY(CLOCK=16M)  
.................... #include<luutinh.h> 
.................... // register definitions 
....................  
....................  
.................... #use fast_io(b) 
.................... #use fast_io(a) 
.................... #use fast_io(c) 
.................... #use fast_io(d) 
.................... #use fast_io(e) 
.................... #use rs232(baud=19200,parity=n,xmit=pin_C6,rcv=pin_c7,bits=9) 
.................... #define W 0 
.................... #define F 1 
....................  
.................... // register files 
.................... #byte INDF          =0x00 
.................... #byte TMR0          =0x01 
.................... #byte PCL           =0x02 
.................... #byte STATUS        =0x03 
.................... #byte FSR           =0x04 
.................... #byte PORTA         =0x05 
.................... #byte PORTB         =0x06 
.................... #byte PORTC         =0x07 
.................... #byte PORTD         =0x08 
.................... #byte PORTE         =0x09 
....................  
.................... #byte EEDATA        =0x10C 
.................... #byte EEADR         =0x10D 
.................... #byte EEDATH        =0x10E 
.................... #byte EEADRH         =0x10F 
.................... #byte ADCON0     =0x1F 
.................... #byte ADCON1     =0x9F 
.................... #byte ADRESH     =0x9F 
.................... #byte ADSESL     =0x9F 
....................  
.................... #byte PCLATH        =0x0a 
.................... #byte INTCON        =0x0b 
.................... #byte PIR1    =0x0c 
.................... #byte PIR2    =0x0d 
.................... #byte PIE1    =0x8c 
.................... #byte PIE2    =0x8d 
....................  
.................... #byte OPTION_REG    =0x81 
.................... #byte TRISA         =0x85 
.................... #byte TRISB         =0x86 
.................... #byte TRISC         =0x87 
.................... #byte TRISD         =0x88 
.................... #byte TRISE         =0x89 
....................  
.................... #byte EECON1        =0x18C 
.................... #byte EECON2        =0x18D 
....................  
.................... //DINH NGHIA BIT 
.................... #bit RA5   =0x05.5 
.................... #bit RA4   =0x05.4 
.................... #bit RA3   =0x05.3 
.................... #bit RA2   =0x05.2 
.................... #bit RA1   =0x05.1 
.................... #bit RA0   =0x05.0 
....................  
.................... #bit RB7   =0x06.7 
.................... #bit RB6   =0x06.6 
.................... #bit RB5   =0x06.5 
.................... #bit RB4   =0x06.4 
.................... #bit RB3   =0x06.3 
.................... #bit RB2   =0x06.2 
.................... #bit RB1   =0x06.1 
.................... #bit RB0   =0x06.0 
....................  
.................... #bit RC7   =0x07.7 
.................... #bit RC6   =0x07.6 
.................... #bit RC5   =0x07.5 
.................... #bit RC4   =0x07.4 
.................... #bit RC3   =0x07.3 
.................... #bit RC2   =0x07.2 
.................... #bit RC1   =0x07.1 
.................... #bit RC0   =0x07.0 
....................  
.................... #bit RD7   =0x08.7 
.................... #bit RD6   =0x08.6 
.................... #bit RD5   =0x08.5 
.................... #bit RD4   =0x08.4 
.................... #bit RD3   =0x08.3 
.................... #bit RD2   =0x08.2 
.................... #bit RD1   =0x08.1 
.................... #bit RD0   =0x08.0 
....................  
.................... #bit RE2   =0x09.2 
.................... #bit RE1   =0x09.1 
.................... #bit RE0   =0x09.0 
....................  
....................  
.................... #bit TRISA5   =0x85.5 
.................... #bit TRISA4   =0x85.4 
.................... #bit TRISA3   =0x85.3 
.................... #bit TRISA2   =0x85.2 
.................... #bit TRISA1   =0x85.1 
.................... #bit TRISA0   =0x85.0 
....................  
.................... #bit TRISB7   =0x86.7 
.................... #bit TRISB6   =0x86.6 
.................... #bit TRISB5   =0x86.5 
.................... #bit TRISB4   =0x86.4 
.................... #bit TRISB3   =0x86.3 
.................... #bit TRISB2   =0x86.2 
.................... #bit TRISB1   =0x86.1 
.................... #bit TRISB0   =0x86.0 
....................  
.................... #bit TRISC7   =0x87.7 
.................... #bit TRISC6   =0x87.6 
.................... #bit TRISC5   =0x87.5 
.................... #bit TRISC4   =0x87.4 
.................... #bit TRISC3   =0x87.3 
.................... #bit TRISC2   =0x87.2 
.................... #bit TRISC1   =0x87.1 
.................... #bit TRISC0   =0x87.0 
....................  
.................... #bit TRISD7   =0x88.7 
.................... #bit TRISD6   =0x88.6 
.................... #bit TRISD5   =0x88.5 
.................... #bit TRISD4   =0x88.4 
.................... #bit TRISD3   =0x88.3 
.................... #bit TRISD2   =0x88.2 
.................... #bit TRISD1   =0x88.1 
.................... #bit TRISD0   =0x88.0 
....................  
.................... #bit TRISE2   =0x89.2 
.................... #bit TRISE1   =0x89.1 
.................... #bit TRISE0   =0x89.0 
....................  
.................... // INTCON Bits for C 
.................... #bit gie    = 0x0b.7 
.................... #bit peie = 0x0b.6 
.................... #bit tmr0ie = 0x0b.5 
.................... #bit int0ie = 0x0b.4 
.................... #bit rbie   = 0x0b.3 
.................... #bit tmr0if    = 0x0b.2 
.................... #bit int0if    = 0x0b.1 
.................... #bit rbif    = 0x0b.0 
....................  
.................... // PIR1 for C 
.................... #bit pspif  = 0x0c.7 
.................... #bit adif    = 0x0c.6 
.................... #bit rcif    = 0x0c.5 
.................... #bit txif    = 0x0c.4 
.................... #bit sspif    = 0x0c.3 
.................... #bit ccp1if    = 0x0c.2 
.................... #bit tmr2if    = 0x0c.1 
.................... #bit tmr1if    = 0x0c.0 
....................  
.................... //PIR2 for C 
.................... #bit cmif    = 0x0d.6 
.................... #bit eeif    = 0x0d.4 
.................... #bit bclif  = 0x0d.3 
.................... #bit ccp2if    = 0x0d.0 
....................  
.................... // PIE1 for C 
.................... #bit adie    = 0x8c.6 
.................... #bit rcie    = 0x8c.5 
.................... #bit txie    = 0x8c.4 
.................... #bit sspie    = 0x8c.3 
.................... #bit ccp1ie    = 0x8c.2 
.................... #bit tmr2ie    = 0x8c.1 
.................... #bit tmr1ie    = 0x8c.0 
....................  
.................... //PIE2 for C 
.................... #bit osfie    = 0x8d.7 
.................... #bit cmie    = 0x8d.6 
.................... #bit eeie   = 0x8d.4 
....................  
.................... // OPTION Bits 
.................... #bit not_rbpu   = 0x81.7 
.................... #bit intedg     = 0x81.6 
.................... #bit t0cs       = 0x81.5 
.................... #bit t0se       = 0x81.4 
.................... #bit psa        = 0x81.3 
.................... #bit ps2        = 0x81.2 
.................... #bit ps1        = 0x81.1 
.................... #bit ps0        = 0x81.0 
....................  
.................... // EECON1 Bits 
.................... #bit eepgd   = 0x18c.7 
.................... #bit free      = 0x18C.4 
.................... #bit wrerr     = 0x18C.3 
.................... #bit wren       = 0x18C.2 
.................... #bit wr         = 0x18C.1 
.................... #bit rd         = 0x18C.0 
....................  
.................... //ADCON0 
.................... #bit CHS0    =0x1F.3 
.................... #bit CHS1    =0x1F.4 
.................... #bit CHS2    =0x1F.5 
.................... // uast 
.................... #byte txreg=0x19 
.................... #byte rc=0x1a 
.................... #byte spbrg=0x99 
.................... #bit  rxd=0x18.0 
.................... #bit  spen=0x18.7 
....................  
.................... #byte txsta=0x98 
.................... #bit  master=0x98.7 
.................... #bit  phat =0x98.4 
.................... #bit txen=0x98.5 
.................... #bit tx9=0x98.6 
....................  
.................... //=====SPI 
.................... #byte SSPBUF= 0X13 
.................... #byte SSPCON =0X14 
.................... #bit SSPEN =0X14.5 
....................  
.................... //#pwm 
.................... #byte dc1=0x15 
....................  
....................  
....................  
.................... void main() { 
0004:  CLRF   04
0005:  BCF    03.7
0006:  MOVLW  1F
0007:  ANDWF  03,F
0008:  BSF    03.5
0009:  BSF    03.6
000A:  BCF    07.3
000B:  MOVLW  0C
000C:  BCF    03.6
000D:  MOVWF  19
000E:  MOVLW  E2
000F:  MOVWF  18
0010:  MOVLW  D0
0011:  BCF    03.5
0012:  MOVWF  18
0013:  BSF    03.5
0014:  BSF    03.6
0015:  MOVF   09,W
0016:  ANDLW  C0
0017:  MOVWF  09
0018:  BCF    03.6
0019:  BCF    1F.4
001A:  BCF    1F.5
001B:  MOVLW  00
001C:  BSF    03.6
001D:  MOVWF  08
001E:  BCF    03.5
001F:  CLRF   07
0020:  CLRF   08
0021:  CLRF   09
.................... ADCON0=0; 
0022:  BCF    03.6
0023:  CLRF   1F
.................... ADCON1=0; 
0024:  BSF    03.5
0025:  CLRF   1F
.................... TRISB=0xFF; 
0026:  MOVLW  FF
0027:  MOVWF  06
.................... TRISD=0; 
0028:  CLRF   08
.................... PORTD=0; 
0029:  BCF    03.5
002A:  CLRF   08
.................... while(TRUE){ 
.................... switch(PORTB){ 
002B:  MOVF   06,W
002C:  XORLW  01
002D:  BTFSC  03.2
002E:  GOTO   042
002F:  XORLW  03
0030:  BTFSC  03.2
0031:  GOTO   045
0032:  XORLW  06
0033:  BTFSC  03.2
0034:  GOTO   048
0035:  XORLW  0C
0036:  BTFSC  03.2
0037:  GOTO   04B
0038:  XORLW  18
0039:  BTFSC  03.2
003A:  GOTO   04E
003B:  XORLW  30
003C:  BTFSC  03.2
003D:  GOTO   051
003E:  XORLW  60
003F:  BTFSC  03.2
0040:  GOTO   054
0041:  GOTO   057
.................... case 0b00000001: //first switch pushed 
.................... PORTD=1;    //red color 
0042:  MOVLW  01
0043:  MOVWF  08
.................... break; 
0044:  GOTO   057
.................... case 0b00000010: //second switch pushed 
.................... PORTD=2; //green color 
0045:  MOVLW  02
0046:  MOVWF  08
.................... break; 
0047:  GOTO   057
.................... case 0b00000100: //third switch pushed 
.................... PORTD=4; //blue color 
0048:  MOVLW  04
0049:  MOVWF  08
.................... break; 
004A:  GOTO   057
.................... case 0b00001000: //4th switch pushed 
.................... PORTD=5; //magenta color 
004B:  MOVLW  05
004C:  MOVWF  08
.................... break; 
004D:  GOTO   057
.................... case 0b00010000: //5th switch pushed 
.................... PORTD=6; //cyan color 
004E:  MOVLW  06
004F:  MOVWF  08
.................... break; 
0050:  GOTO   057
.................... case 0b00100000: //6th switch pushed 
.................... PORTD=3; //yellow color 
0051:  MOVLW  03
0052:  MOVWF  08
.................... break; 
0053:  GOTO   057
.................... case 0b01000000: //7th switch pushed 
.................... PORTD=7; //white color 
0054:  MOVLW  07
0055:  MOVWF  08
.................... break; 
0056:  GOTO   057
....................  
.................... }} 
0057:  GOTO   02B
....................  
.................... } 
0058:  SLEEP

Configuration Fuses:
   Word  1: 2FF2   HS NOWDT NOPUT MCLR NOPROTECT NOCPD BROWNOUT IESO FCMEN NOLVP NODEBUG
   Word  2: 3FFF   NOWRT BORV40
